{"numFailedTestSuites":0,"numFailedTests":0,"numPassedTestSuites":2,"numPassedTests":8,"numPendingTestSuites":0,"numPendingTests":0,"numRuntimeErrorTestSuites":0,"numTodoTests":0,"numTotalTestSuites":2,"numTotalTests":8,"openHandles":[],"snapshot":{"added":0,"didUpdate":false,"failure":false,"filesAdded":0,"filesRemoved":0,"filesRemovedList":[],"filesUnmatched":0,"filesUpdated":0,"matched":1,"total":1,"unchecked":0,"uncheckedKeysByFile":[],"unmatched":0,"updated":0},"startTime":1641266005108,"success":true,"testResults":[{"assertionResults":[{"ancestorTitles":["Button"],"failureMessages":[],"fullName":"Button Button mount unmount","location":null,"status":"passed","title":"Button mount unmount"},{"ancestorTitles":["Button"],"failureMessages":[],"fullName":"Button Renders Button with aria-label","location":null,"status":"passed","title":"Renders Button with aria-label"},{"ancestorTitles":["Button"],"failureMessages":[],"fullName":"Button Test onClick function for button","location":null,"status":"passed","title":"Test onClick function for button"}],"endTime":1641266011806,"message":"","name":"D:\\project-demo\\storybook-demo\\storybook-demo\\src\\components\\button\\__test__\\button.test.tsx","startTime":1641266006130,"status":"passed","summary":""},{"assertionResults":[{"ancestorTitles":["Checkbox"],"failureMessages":[],"fullName":"Checkbox Checkbox mount unmount","location":null,"status":"passed","title":"Checkbox mount unmount"},{"ancestorTitles":["Checkbox"],"failureMessages":[],"fullName":"Checkbox should match snapshot","location":null,"status":"passed","title":"should match snapshot"},{"ancestorTitles":["Checkbox"],"failureMessages":[],"fullName":"Checkbox it should render with checked state","location":null,"status":"passed","title":"it should render with checked state"},{"ancestorTitles":["Checkbox"],"failureMessages":[],"fullName":"Checkbox it should render with disabled state","location":null,"status":"passed","title":"it should render with disabled state"},{"ancestorTitles":["Checkbox"],"failureMessages":[],"fullName":"Checkbox it should trigger onChange event","location":null,"status":"passed","title":"it should trigger onChange event"}],"endTime":1641266011879,"message":"","name":"D:\\project-demo\\storybook-demo\\storybook-demo\\src\\components\\checkbox\\__test__\\checkbox.test.tsx","startTime":1641266006128,"status":"passed","summary":""}],"wasInterrupted":false,"coverageMap":{"D:\\project-demo\\storybook-demo\\storybook-demo\\src\\components\\button\\button.tsx":{"path":"D:\\project-demo\\storybook-demo\\storybook-demo\\src\\components\\button\\button.tsx","statementMap":{"0":{"start":{"line":36,"column":5},"end":{"line":36,"column":10}},"1":{"start":{"line":38,"column":1},"end":{"line":63,"column":3}},"2":{"start":{"line":47,"column":5},"end":{"line":49,"column":6}},"3":{"start":{"line":48,"column":6},"end":{"line":48,"column":16}}},"fnMap":{"0":{"name":"Button","decl":{"start":{"line":21,"column":9},"end":{"line":21,"column":15}},"loc":{"start":{"line":21,"column":51},"end":{"line":64,"column":1}},"line":21},"1":{"name":"(anonymous_1)","decl":{"start":{"line":46,"column":13},"end":{"line":46,"column":14}},"loc":{"start":{"line":46,"column":19},"end":{"line":50,"column":5}},"line":46}},"branchMap":{"0":{"loc":{"start":{"line":23,"column":2},"end":{"line":23,"column":18}},"type":"default-arg","locations":[{"start":{"line":23,"column":9},"end":{"line":23,"column":18}}],"line":23},"1":{"loc":{"start":{"line":26,"column":2},"end":{"line":26,"column":13}},"type":"default-arg","locations":[{"start":{"line":26,"column":11},"end":{"line":26,"column":13}}],"line":26},"2":{"loc":{"start":{"line":27,"column":2},"end":{"line":27,"column":15}},"type":"default-arg","locations":[{"start":{"line":27,"column":10},"end":{"line":27,"column":15}}],"line":27},"3":{"loc":{"start":{"line":28,"column":2},"end":{"line":28,"column":18}},"type":"default-arg","locations":[{"start":{"line":28,"column":13},"end":{"line":28,"column":18}}],"line":28},"4":{"loc":{"start":{"line":29,"column":2},"end":{"line":29,"column":21}},"type":"default-arg","locations":[{"start":{"line":29,"column":13},"end":{"line":29,"column":21}}],"line":29},"5":{"loc":{"start":{"line":30,"column":2},"end":{"line":30,"column":15}},"type":"default-arg","locations":[{"start":{"line":30,"column":13},"end":{"line":30,"column":15}}],"line":30},"6":{"loc":{"start":{"line":31,"column":2},"end":{"line":31,"column":12}},"type":"default-arg","locations":[{"start":{"line":31,"column":10},"end":{"line":31,"column":12}}],"line":31},"7":{"loc":{"start":{"line":33,"column":2},"end":{"line":33,"column":16}},"type":"default-arg","locations":[{"start":{"line":33,"column":14},"end":{"line":33,"column":16}}],"line":33},"8":{"loc":{"start":{"line":47,"column":5},"end":{"line":49,"column":6}},"type":"if","locations":[{"start":{"line":47,"column":5},"end":{"line":49,"column":6}},{"start":{},"end":{}}],"line":47},"9":{"loc":{"start":{"line":47,"column":9},"end":{"line":47,"column":49}},"type":"binary-expr","locations":[{"start":{"line":47,"column":9},"end":{"line":47,"column":16}},{"start":{"line":47,"column":20},"end":{"line":47,"column":49}}],"line":47},"10":{"loc":{"start":{"line":53,"column":12},"end":{"line":53,"column":55}},"type":"cond-expr","locations":[{"start":{"line":53,"column":34},"end":{"line":53,"column":46}},{"start":{"line":53,"column":49},"end":{"line":53,"column":55}}],"line":53}},"s":{"0":4,"1":4,"2":1,"3":1},"f":{"0":4,"1":1},"b":{"0":[4],"1":[4],"2":[4],"3":[4],"4":[4],"5":[4],"6":[4],"7":[4],"8":[1,0],"9":[1,1],"10":[0,4]},"_coverageSchema":"1a1c01bbd47fc00a2c39e90264f33305004495a9","hash":"14fd199e3db4e1dd6a8696ddb7b53948aaeb54c3"},"D:\\project-demo\\storybook-demo\\storybook-demo\\src\\components\\checkbox\\index.tsx":{"path":"D:\\project-demo\\storybook-demo\\storybook-demo\\src\\components\\checkbox\\index.tsx","statementMap":{"0":{"start":{"line":4,"column":23},"end":{"line":4,"column":53}},"1":{"start":{"line":26,"column":5},"end":{"line":26,"column":10}},"2":{"start":{"line":28,"column":1},"end":{"line":43,"column":3}},"3":{"start":{"line":57,"column":29},"end":{"line":57,"column":44}}},"fnMap":{"0":{"name":"Checkbox","decl":{"start":{"line":17,"column":9},"end":{"line":17,"column":17}},"loc":{"start":{"line":17,"column":54},"end":{"line":44,"column":1}},"line":17},"1":{"name":"(anonymous_1)","decl":{"start":{"line":22,"column":13},"end":{"line":22,"column":14}},"loc":{"start":{"line":22,"column":19},"end":{"line":22,"column":22}},"line":22}},"branchMap":{"0":{"loc":{"start":{"line":22,"column":2},"end":{"line":22,"column":22}},"type":"default-arg","locations":[{"start":{"line":22,"column":13},"end":{"line":22,"column":22}}],"line":22}},"s":{"0":1,"1":6,"2":6,"3":1},"f":{"0":6,"1":0},"b":{"0":[5]},"_coverageSchema":"1a1c01bbd47fc00a2c39e90264f33305004495a9","hash":"c7da6f57792d522e66b7411bb6b6566324e80b76"}}}